2015-10-20 14:51:44.289+0000 INFO  [o.n.k.InternalAbstractGraphDatabase]: No locking implementation specified, defaulting to 'community'
2015-10-20 14:51:47.459+0000 INFO  [o.n.k.i.DiagnosticsManager]: --- INITIALIZED diagnostics START ---
2015-10-20 14:51:47.541+0000 INFO  [o.n.k.i.DiagnosticsManager]: Neo4j Kernel properties:
2015-10-20 14:51:47.744+0000 INFO  [o.n.k.i.DiagnosticsManager]: store_dir=http://localhost:4747
2015-10-20 14:51:47.755+0000 INFO  [o.n.k.i.DiagnosticsManager]: ephemeral=false
2015-10-20 14:51:47.797+0000 INFO  [o.n.k.i.DiagnosticsManager]: Diagnostics providers:
2015-10-20 14:51:47.798+0000 INFO  [o.n.k.i.DiagnosticsManager]: org.neo4j.kernel.configuration.Config
2015-10-20 14:51:47.809+0000 INFO  [o.n.k.i.DiagnosticsManager]: org.neo4j.kernel.info.DiagnosticsManager
2015-10-20 14:51:47.809+0000 INFO  [o.n.k.i.DiagnosticsManager]: SYSTEM_MEMORY
2015-10-20 14:51:47.809+0000 INFO  [o.n.k.i.DiagnosticsManager]: JAVA_MEMORY
2015-10-20 14:51:47.809+0000 INFO  [o.n.k.i.DiagnosticsManager]: OPERATING_SYSTEM
2015-10-20 14:51:47.810+0000 INFO  [o.n.k.i.DiagnosticsManager]: JAVA_VIRTUAL_MACHINE
2015-10-20 14:51:47.810+0000 INFO  [o.n.k.i.DiagnosticsManager]: CLASSPATH
2015-10-20 14:51:47.810+0000 INFO  [o.n.k.i.DiagnosticsManager]: LIBRARY_PATH
2015-10-20 14:51:47.810+0000 INFO  [o.n.k.i.DiagnosticsManager]: SYSTEM_PROPERTIES
2015-10-20 14:51:47.810+0000 INFO  [o.n.k.i.DiagnosticsManager]: LINUX_SCHEDULERS
2015-10-20 14:51:47.810+0000 INFO  [o.n.k.i.DiagnosticsManager]: NETWORK
2015-10-20 14:51:47.833+0000 INFO  [o.n.k.i.DiagnosticsManager]: System memory information:
2015-10-20 14:51:47.977+0000 INFO  [o.n.k.i.DiagnosticsManager]: Total Physical memory: 3.84 GB
2015-10-20 14:51:47.985+0000 INFO  [o.n.k.i.DiagnosticsManager]: Free Physical memory: 126.05 MB
2015-10-20 14:51:47.986+0000 INFO  [o.n.k.i.DiagnosticsManager]: Committed virtual memory: 2.79 GB
2015-10-20 14:51:48.008+0000 INFO  [o.n.k.i.DiagnosticsManager]: Total swap space: 4.00 GB
2015-10-20 14:51:48.010+0000 INFO  [o.n.k.i.DiagnosticsManager]: Free swap space: 2.99 GB
2015-10-20 14:51:48.024+0000 INFO  [o.n.k.i.DiagnosticsManager]: JVM memory information:
2015-10-20 14:51:48.025+0000 INFO  [o.n.k.i.DiagnosticsManager]: Free  memory: 20.70 MB
2015-10-20 14:51:48.025+0000 INFO  [o.n.k.i.DiagnosticsManager]: Total memory: 59.94 MB
2015-10-20 14:51:48.026+0000 INFO  [o.n.k.i.DiagnosticsManager]: Max   memory: 953.19 MB
2015-10-20 14:51:48.104+0000 INFO  [o.n.k.i.DiagnosticsManager]: Garbage Collector: Copy: [Eden Space, Survivor Space]
2015-10-20 14:51:48.108+0000 INFO  [o.n.k.i.DiagnosticsManager]: Garbage Collector: MarkSweepCompact: [Eden Space, Survivor Space, Tenured Gen]
2015-10-20 14:51:48.145+0000 INFO  [o.n.k.i.DiagnosticsManager]: Memory Pool: Code Cache (Non-heap memory): committed=3.06 MB, used=3.04 MB, max=240.00 MB, threshold=0.00 B
2015-10-20 14:51:48.194+0000 INFO  [o.n.k.i.DiagnosticsManager]: Memory Pool: Metaspace (Non-heap memory): committed=11.25 MB, used=10.88 MB, max=-1.00 B, threshold=0.00 B
2015-10-20 14:51:48.225+0000 INFO  [o.n.k.i.DiagnosticsManager]: Memory Pool: Compressed Class Space (Non-heap memory): committed=1.50 MB, used=1.41 MB, max=1.00 GB, threshold=0.00 B
2015-10-20 14:51:48.231+0000 INFO  [o.n.k.i.DiagnosticsManager]: Memory Pool: Eden Space (Heap memory): committed=16.50 MB, used=15.25 MB, max=263.00 MB, threshold=?
2015-10-20 14:51:48.271+0000 INFO  [o.n.k.i.DiagnosticsManager]: Memory Pool: Survivor Space (Heap memory): committed=2.06 MB, used=2.06 MB, max=32.81 MB, threshold=?
2015-10-20 14:51:48.295+0000 INFO  [o.n.k.i.DiagnosticsManager]: Memory Pool: Tenured Gen (Heap memory): committed=41.38 MB, used=21.92 MB, max=657.38 MB, threshold=0.00 B
2015-10-20 14:51:48.296+0000 INFO  [o.n.k.i.DiagnosticsManager]: Operating system information:
2015-10-20 14:51:48.306+0000 INFO  [o.n.k.i.DiagnosticsManager]: Operating System: Linux; version: 3.19.0-25-generic; arch: amd64; cpus: 1
2015-10-20 14:51:48.318+0000 INFO  [o.n.k.i.DiagnosticsManager]: Max number of file descriptors: 4096
2015-10-20 14:51:48.336+0000 INFO  [o.n.k.i.DiagnosticsManager]: Number of open file descriptors: 158
2015-10-20 14:51:48.339+0000 INFO  [o.n.k.i.DiagnosticsManager]: Process id: 49650@ubuntu
2015-10-20 14:51:48.349+0000 INFO  [o.n.k.i.DiagnosticsManager]: Byte order: LITTLE_ENDIAN
2015-10-20 14:51:48.356+0000 INFO  [o.n.k.i.DiagnosticsManager]: Local timezone: America/Los_Angeles
2015-10-20 14:51:48.370+0000 INFO  [o.n.k.i.DiagnosticsManager]: JVM information:
2015-10-20 14:51:48.371+0000 INFO  [o.n.k.i.DiagnosticsManager]: VM Name: Java HotSpot(TM) 64-Bit Server VM
2015-10-20 14:51:48.371+0000 INFO  [o.n.k.i.DiagnosticsManager]: VM Vendor: Oracle Corporation
2015-10-20 14:51:48.385+0000 INFO  [o.n.k.i.DiagnosticsManager]: VM Version: 25.60-b23
2015-10-20 14:51:48.390+0000 INFO  [o.n.k.i.DiagnosticsManager]: JIT compiler: HotSpot 64-Bit Tiered Compilers
2015-10-20 14:51:48.398+0000 INFO  [o.n.k.i.DiagnosticsManager]: VM Arguments: [-Didea.launcher.port=7534, -Didea.launcher.bin.path=/home/matan/intellij/idea-IU-141.2735.5/bin, -Dfile.encoding=UTF-8]
2015-10-20 14:51:48.398+0000 INFO  [o.n.k.i.DiagnosticsManager]: Java classpath:
2015-10-20 14:51:48.727+0000 INFO  [o.n.k.i.DiagnosticsManager]:  [classpath + loader.0] file:/home/matan/openrdf-sesame-4.0.0/lib/sesame-sail-lucene-4.0.0.jar
2015-10-20 14:51:48.748+0000 INFO  [o.n.k.i.DiagnosticsManager]:  [classpath + loader.0] file:/home/matan/neo4j-community-2.2.6/lib/neo4j-import-tool-2.2.6.jar
2015-10-20 14:51:48.749+0000 INFO  [o.n.k.i.DiagnosticsManager]:  [classpath + loader.0] file:/home/matan/openrdf-sesame-4.0.0/lib/lucene-join-5.1.0.jar
2015-10-20 14:51:48.751+0000 INFO  [o.n.k.i.DiagnosticsManager]:  [loader.1] file:/usr/lib/jvm/java-8-oracle/jre/lib/ext/zipfs.jar
2015-10-20 14:51:48.754+0000 INFO  [o.n.k.i.DiagnosticsManager]:  [classpath + loader.0] file:/home/matan/openrdf-sesame-4.0.0/lib/sesame-queryresultio-text-4.0.0.jar
2015-10-20 14:51:48.759+0000 INFO  [o.n.k.i.DiagnosticsManager]:  [classpath + loader.0] file:/home/matan/openrdf-sesame-4.0.0/lib/sesame-repository-manager-4.0.0.jar
2015-10-20 14:51:48.760+0000 INFO  [o.n.k.i.DiagnosticsManager]:  [classpath + loader.0] file:/home/matan/openrdf-sesame-4.0.0/lib/sesame-repository-dataset-4.0.0.jar
2015-10-20 14:51:48.760+0000 INFO  [o.n.k.i.DiagnosticsManager]:  [classpath + loader.0] file:/home/matan/neo4j-community-2.2.6/lib/scala-library-2.10.5.jar
2015-10-20 14:51:48.760+0000 INFO  [o.n.k.i.DiagnosticsManager]:  [classpath + loader.0] file:/home/matan/neo4j-community-2.2.6/lib/neo4j-graph-algo-2.2.6.jar
2015-10-20 14:51:48.760+0000 INFO  [o.n.k.i.DiagnosticsManager]:  [classpath + loader.0] file:/home/matan/openrdf-sesame-4.0.0/lib/sesame-rio-ntriples-4.0.0.jar
2015-10-20 14:51:48.772+0000 INFO  [o.n.k.i.DiagnosticsManager]:  [classpath + loader.0] file:/home/matan/openrdf-sesame-4.0.0/lib/guava-18.0.jar
2015-10-20 14:51:48.778+0000 INFO  [o.n.k.i.DiagnosticsManager]:  [classpath + loader.0] file:/home/matan/openrdf-sesame-4.0.0/lib/lucene-spatial-5.1.0.jar
2015-10-20 14:51:48.778+0000 INFO  [o.n.k.i.DiagnosticsManager]:  [bootstrap + classpath + loader.0] file:/usr/lib/jvm/java-8-oracle/jre/lib/rt.jar
2015-10-20 14:51:48.779+0000 INFO  [o.n.k.i.DiagnosticsManager]:  [classpath + loader.0] file:/home/matan/neo4j-community-2.2.6/lib/neo4j-lucene-index-2.2.6.jar
2015-10-20 14:51:48.779+0000 INFO  [o.n.k.i.DiagnosticsManager]:  [classpath + loader.0] file:/home/matan/openrdf-sesame-4.0.0/lib/sesame-queryresultio-sparqlxml-4.0.0.jar
2015-10-20 14:51:48.779+0000 INFO  [o.n.k.i.DiagnosticsManager]:  [classpath + loader.0] file:/home/matan/openrdf-sesame-4.0.0/lib/sesame-sail-model-4.0.0.jar
2015-10-20 14:51:48.779+0000 INFO  [o.n.k.i.DiagnosticsManager]:  [classpath + loader.0] file:/home/matan/openrdf-sesame-4.0.0/lib/sesame-config-4.0.0.jar
2015-10-20 14:51:48.779+0000 INFO  [o.n.k.i.DiagnosticsManager]:  [classpath + loader.0] file:/home/matan/neo4j-community-2.2.6/lib/concurrentlinkedhashmap-lru-1.4.jar
2015-10-20 14:51:48.779+0000 INFO  [o.n.k.i.DiagnosticsManager]:  [classpath + loader.0] file:/home/matan/neo4j-community-2.2.6/lib/neo4j-cypher-compiler-2.0-2.0.4.jar
2015-10-20 14:51:48.779+0000 INFO  [o.n.k.i.DiagnosticsManager]:  [classpath + loader.0] file:/home/matan/openrdf-sesame-4.0.0/lib/sesame-queryresultio-binary-4.0.0.jar
2015-10-20 14:51:48.794+0000 INFO  [o.n.k.i.DiagnosticsManager]:  [classpath + loader.0] file:/home/matan/openrdf-sesame-4.0.0/lib/lucene-core-5.1.0.jar
2015-10-20 14:51:48.796+0000 INFO  [o.n.k.i.DiagnosticsManager]:  [classpath + loader.0] file:/home/matan/openrdf-sesame-4.0.0/lib/sesame-queryparser-serql-4.0.0.jar
2015-10-20 14:51:48.801+0000 INFO  [o.n.k.i.DiagnosticsManager]:  [classpath + loader.0] file:/home/matan/neo4j-community-2.2.6/lib/org.apache.servicemix.bundles.jline-0.9.94_1.jar
2015-10-20 14:51:48.807+0000 INFO  [o.n.k.i.DiagnosticsManager]:  [classpath + loader.0] file:/home/matan/openrdf-sesame-4.0.0/lib/spring-core-4.1.4.RELEASE.jar
2015-10-20 14:51:48.807+0000 INFO  [o.n.k.i.DiagnosticsManager]:  [loader.1] file:/usr/lib/jvm/java-8-oracle/jre/lib/ext/cldrdata.jar
2015-10-20 14:51:48.807+0000 INFO  [o.n.k.i.DiagnosticsManager]:  [classpath + loader.0] file:/home/matan/openrdf-sesame-4.0.0/lib/sesame-repository-http-4.0.0.jar
2015-10-20 14:51:48.816+0000 INFO  [o.n.k.i.DiagnosticsManager]:  [classpath + loader.0] file:/home/matan/openrdf-sesame-4.0.0/lib/sesame-sail-lucene-api-4.0.0.jar
2015-10-20 14:51:48.817+0000 INFO  [o.n.k.i.DiagnosticsManager]:  [loader.1] file:/usr/lib/jvm/java-8-oracle/jre/lib/ext/sunec.jar
2015-10-20 14:51:48.817+0000 INFO  [o.n.k.i.DiagnosticsManager]:  [classpath + loader.0] file:/home/matan/openrdf-sesame-4.0.0/lib/opencsv-3.2.jar
2015-10-20 14:51:48.826+0000 INFO  [o.n.k.i.DiagnosticsManager]:  [classpath + loader.0] file:/home/matan/openrdf-sesame-4.0.0/lib/spring-beans-4.1.4.RELEASE.jar
2015-10-20 14:51:48.832+0000 INFO  [o.n.k.i.DiagnosticsManager]:  [classpath + loader.0] file:/home/matan/openrdf-sesame-4.0.0/lib/lucene-memory-5.1.0.jar
2015-10-20 14:51:48.832+0000 INFO  [o.n.k.i.DiagnosticsManager]:  [classpath + loader.0] file:/home/matan/.m2/repository/mysql/mysql-connector-java/5.1.25/mysql-connector-java-5.1.25.jar
2015-10-20 14:51:48.832+0000 INFO  [o.n.k.i.DiagnosticsManager]:  [classpath + loader.0] file:/home/matan/openrdf-sesame-4.0.0/lib/jackson-core-2.6.2.jar
2015-10-20 14:51:48.832+0000 INFO  [o.n.k.i.DiagnosticsManager]:  [classpath + loader.0] file:/home/matan/openrdf-sesame-4.0.0/lib/sesame-rio-nquads-4.0.0.jar
2015-10-20 14:51:48.841+0000 INFO  [o.n.k.i.DiagnosticsManager]:  [classpath + loader.0] file:/home/matan/openrdf-sesame-4.0.0/lib/sesame-repository-event-4.0.0.jar
2015-10-20 14:51:48.841+0000 INFO  [o.n.k.i.DiagnosticsManager]:  [classpath + loader.0] file:/home/matan/openrdf-sesame-4.0.0/lib/sesame-queryalgebra-geosparql-4.0.0.jar
2015-10-20 14:51:48.841+0000 INFO  [o.n.k.i.DiagnosticsManager]:  [loader.1] file:/usr/lib/jvm/java-8-oracle/jre/lib/ext/sunjce_provider.jar
2015-10-20 14:51:48.841+0000 INFO  [o.n.k.i.DiagnosticsManager]:  [classpath + loader.0] file:/home/matan/openrdf-sesame-4.0.0/lib/sesame-repository-api-4.0.0.jar
2015-10-20 14:51:48.842+0000 INFO  [o.n.k.i.DiagnosticsManager]:  [classpath + loader.0] file:/home/matan/openrdf-sesame-4.0.0/lib/sesame-console-4.0.0.jar
2015-10-20 14:51:48.842+0000 INFO  [o.n.k.i.DiagnosticsManager]:  [classpath + loader.0] file:/home/matan/openrdf-sesame-4.0.0/lib/animal-sniffer-annotations-1.14.jar
2015-10-20 14:51:48.842+0000 INFO  [o.n.k.i.DiagnosticsManager]:  [classpath + loader.0] file:/home/matan/openrdf-sesame-4.0.0/lib/sesame-queryparser-sparql-4.0.0.jar
2015-10-20 14:51:48.842+0000 INFO  [o.n.k.i.DiagnosticsManager]:  [classpath + loader.0] file:/home/matan/openrdf-sesame-4.0.0/lib/aopalliance-1.0.jar
2015-10-20 14:51:48.859+0000 INFO  [o.n.k.i.DiagnosticsManager]:  [classpath + loader.0] file:/home/matan/openrdf-sesame-4.0.0/lib/sesame-rio-api-4.0.0.jar
2015-10-20 14:51:48.860+0000 INFO  [o.n.k.i.DiagnosticsManager]:  [classpath + loader.0] file:/home/matan/openrdf-sesame-4.0.0/lib/sesame-sail-base-4.0.0.jar
2015-10-20 14:51:48.874+0000 INFO  [o.n.k.i.DiagnosticsManager]:  [classpath + loader.0] file:/home/matan/neo4j-community-2.2.6/lib/neo4j-cypher-compiler-2.1-2.1.8.jar
2015-10-20 14:51:48.874+0000 INFO  [o.n.k.i.DiagnosticsManager]:  [classpath + loader.0] file:/home/matan/openrdf-sesame-4.0.0/lib/httpmime-4.4.jar
2015-10-20 14:51:48.874+0000 INFO  [o.n.k.i.DiagnosticsManager]:  [classpath + loader.0] file:/home/matan/openrdf-sesame-4.0.0/lib/mapdb-1.0.7.jar
2015-10-20 14:51:48.874+0000 INFO  [o.n.k.i.DiagnosticsManager]:  [classpath + loader.0] file:/home/matan/openrdf-sesame-4.0.0/lib/commons-cli-1.2.jar
2015-10-20 14:51:48.874+0000 INFO  [o.n.k.i.DiagnosticsManager]:  [loader.1] file:/usr/lib/jvm/java-8-oracle/jre/lib/ext/dnsns.jar
2015-10-20 14:51:48.875+0000 INFO  [o.n.k.i.DiagnosticsManager]:  [classpath + loader.0] file:/home/matan/openrdf-sesame-4.0.0/lib/jackson-annotations-2.6.2.jar
2015-10-20 14:51:48.875+0000 INFO  [o.n.k.i.DiagnosticsManager]:  [classpath + loader.0] file:/home/matan/openrdf-sesame-4.0.0/lib/sesame-queryparser-api-4.0.0.jar
2015-10-20 14:51:48.875+0000 INFO  [o.n.k.i.DiagnosticsManager]:  [classpath + loader.0] file:/home/matan/openrdf-sesame-4.0.0/lib/sesame-queryresultio-sparqljson-4.0.0.jar
2015-10-20 14:51:48.875+0000 INFO  [o.n.k.i.DiagnosticsManager]:  [classpath + loader.0] file:/home/matan/openrdf-sesame-4.0.0/lib/lucene-analyzers-common-5.1.0.jar
2015-10-20 14:51:48.875+0000 INFO  [o.n.k.i.DiagnosticsManager]:  [classpath + loader.0] file:/home/matan/openrdf-sesame-4.0.0/lib/sesame-sail-memory-4.0.0.jar
2015-10-20 14:51:48.892+0000 INFO  [o.n.k.i.DiagnosticsManager]:  [classpath + loader.0] file:/home/matan/openrdf-sesame-4.0.0/lib/spring-context-4.1.4.RELEASE.jar
2015-10-20 14:51:48.892+0000 INFO  [o.n.k.i.DiagnosticsManager]:  [classpath + loader.0] file:/home/matan/neo4j-community-2.2.6/lib/lucene-core-3.6.2.jar
2015-10-20 14:51:48.892+0000 INFO  [o.n.k.i.DiagnosticsManager]:  [classpath + loader.0] file:/home/matan/openrdf-sesame-4.0.0/lib/sesame-sail-api-4.0.0.jar
2015-10-20 14:51:48.892+0000 INFO  [o.n.k.i.DiagnosticsManager]:  [classpath + loader.0] file:/home/matan/openrdf-sesame-4.0.0/lib/sesame-sail-inferencer-4.0.0.jar
2015-10-20 14:51:48.892+0000 INFO  [o.n.k.i.DiagnosticsManager]:  [classpath + loader.0] file:/home/matan/neo4j-community-2.2.6/lib/opencsv-2.3.jar
2015-10-20 14:51:48.893+0000 INFO  [o.n.k.i.DiagnosticsManager]:  [classpath + loader.0] file:/home/matan/.m2/repository/org/json/json/20080701/json-20080701.jar
2015-10-20 14:51:48.893+0000 INFO  [o.n.k.i.DiagnosticsManager]:  [classpath + loader.0] file:/home/matan/openrdf-sesame-4.0.0/lib/spatial4j-0.4.1.jar
2015-10-20 14:51:48.893+0000 INFO  [o.n.k.i.DiagnosticsManager]:  [classpath + loader.0] file:/home/matan/openrdf-sesame-4.0.0/lib/httpclient-cache-4.4.jar
2015-10-20 14:51:48.893+0000 INFO  [o.n.k.i.DiagnosticsManager]:  [classpath + loader.0] file:/home/matan/openrdf-sesame-4.0.0/lib/jcl-over-slf4j-1.7.10.jar
2015-10-20 14:51:48.893+0000 INFO  [o.n.k.i.DiagnosticsManager]:  [classpath + loader.0] file:/home/matan/openrdf-sesame-4.0.0/lib/sesame-repository-sail-4.0.0.jar
2015-10-20 14:51:48.893+0000 INFO  [o.n.k.i.DiagnosticsManager]:  [classpath + loader.0] file:/home/matan/openrdf-sesame-4.0.0/lib/logback-core-1.1.2.jar
2015-10-20 14:51:48.893+0000 INFO  [o.n.k.i.DiagnosticsManager]:  [classpath + loader.0] file:/home/matan/openrdf-sesame-4.0.0/lib/commons-lang3-3.3.2.jar
2015-10-20 14:51:48.893+0000 INFO  [o.n.k.i.DiagnosticsManager]:  [classpath + loader.0] file:/home/matan/openrdf-sesame-4.0.0/lib/sesame-http-protocol-4.0.0.jar
2015-10-20 14:51:48.894+0000 INFO  [o.n.k.i.DiagnosticsManager]:  [classpath + loader.0] file:/home/matan/openrdf-sesame-4.0.0/lib/sesame-rio-datatypes-4.0.0.jar
2015-10-20 14:51:48.894+0000 INFO  [o.n.k.i.DiagnosticsManager]:  [bootstrap + classpath + loader.0] file:/usr/lib/jvm/java-8-oracle/jre/lib/jsse.jar
2015-10-20 14:51:48.894+0000 INFO  [o.n.k.i.DiagnosticsManager]:  [classpath + loader.0] file:/home/matan/neo4j-community-2.2.6/lib/parboiled-core-1.1.7.jar
2015-10-20 14:51:48.916+0000 INFO  [o.n.k.i.DiagnosticsManager]:  [classpath + loader.0] file:/home/matan/openrdf-sesame-4.0.0/lib/jsonld-java-0.7.0.jar
2015-10-20 14:51:48.920+0000 INFO  [o.n.k.i.DiagnosticsManager]:  [classpath + loader.0] file:/home/matan/openrdf-sesame-4.0.0/lib/spring-web-4.1.4.RELEASE.jar
2015-10-20 14:51:48.920+0000 INFO  [o.n.k.i.DiagnosticsManager]:  [classpath + loader.0] file:/home/matan/openrdf-sesame-4.0.0/lib/sesame-sail-lucene4-4.0.0.jar
2015-10-20 14:51:48.936+0000 INFO  [o.n.k.i.DiagnosticsManager]:  [classpath + loader.0] file:/home/matan/openrdf-sesame-4.0.0/lib/httpclient-4.4.jar
2015-10-20 14:51:48.937+0000 INFO  [o.n.k.i.DiagnosticsManager]:  [classpath + loader.0] file:/home/matan/openrdf-sesame-4.0.0/lib/sesame-sail-nativerdf-4.0.0.jar
2015-10-20 14:51:48.937+0000 INFO  [o.n.k.i.DiagnosticsManager]:  [loader.1] file:/usr/lib/jvm/java-8-oracle/jre/lib/ext/jfxrt.jar
2015-10-20 14:51:48.937+0000 INFO  [o.n.k.i.DiagnosticsManager]:  [classpath + loader.0] file:/home/matan/openrdf-sesame-4.0.0/lib/sesame-sail-federation-4.0.0.jar
2015-10-20 14:51:48.938+0000 INFO  [o.n.k.i.DiagnosticsManager]:  [classpath + loader.0] file:/home/matan/neo4j-community-2.2.6/lib/neo4j-cypher-2.2.6.jar
2015-10-20 14:51:48.938+0000 INFO  [o.n.k.i.DiagnosticsManager]:  [classpath + loader.0] file:/home/matan/openrdf-sesame-4.0.0/lib/cglib-3.1.jar
2015-10-20 14:51:48.938+0000 INFO  [o.n.k.i.DiagnosticsManager]:  [classpath + loader.0] file:/home/matan/openrdf-sesame-4.0.0/lib/sesame-rio-rdfjson-4.0.0.jar
2015-10-20 14:51:48.969+0000 INFO  [o.n.k.i.DiagnosticsManager]:  [loader.1] file:/usr/lib/jvm/java-8-oracle/jre/lib/ext/jaccess.jar
2015-10-20 14:51:48.970+0000 INFO  [o.n.k.i.DiagnosticsManager]:  [classpath + loader.0] file:/home/matan/openrdf-sesame-4.0.0/lib/sesame-runtime-osgi-4.0.0.jar
2015-10-20 14:51:48.970+0000 INFO  [o.n.k.i.DiagnosticsManager]:  [classpath + loader.0] file:/home/matan/openrdf-sesame-4.0.0/lib/sesame-queryresultio-api-4.0.0.jar
2015-10-20 14:51:48.970+0000 INFO  [o.n.k.i.DiagnosticsManager]:  [classpath + loader.0] file:/home/matan/openrdf-sesame-4.0.0/lib/sesame-model-4.0.0.jar
2015-10-20 14:51:48.970+0000 INFO  [o.n.k.i.DiagnosticsManager]:  [classpath + loader.0] file:/usr/lib/jvm/java-8-oracle/jre/lib/deploy.jar
2015-10-20 14:51:48.970+0000 INFO  [o.n.k.i.DiagnosticsManager]:  [classpath + loader.0] file:/home/matan/openrdf-sesame-4.0.0/lib/sesame-http-client-4.0.0.jar
2015-10-20 14:51:48.970+0000 INFO  [o.n.k.i.DiagnosticsManager]:  [classpath + loader.0] file:/home/matan/neo4j-community-2.2.6/lib/neo4j-cypher-compiler-1.9-2.0.4.jar
2015-10-20 14:51:48.970+0000 INFO  [o.n.k.i.DiagnosticsManager]:  [classpath + loader.0] file:/home/matan/openrdf-sesame-4.0.0/lib/httpcore-osgi-4.4.jar
2015-10-20 14:51:48.971+0000 INFO  [o.n.k.i.DiagnosticsManager]:  [classpath + loader.0] file:/home/matan/neo4j-community-2.2.6/lib/neo4j-unsafe-2.2.6.jar
2015-10-20 14:51:48.971+0000 INFO  [o.n.k.i.DiagnosticsManager]:  [loader.1] file:/usr/lib/jvm/java-8-oracle/jre/lib/ext/sunpkcs11.jar
2015-10-20 14:51:48.971+0000 INFO  [o.n.k.i.DiagnosticsManager]:  [classpath + loader.0] file:/home/matan/OASSIS/target/classes/
2015-10-20 14:51:48.971+0000 INFO  [o.n.k.i.DiagnosticsManager]:  [classpath + loader.0] file:/home/matan/neo4j-community-2.2.6/lib/server-api-2.2.6.jar
2015-10-20 14:51:48.971+0000 INFO  [o.n.k.i.DiagnosticsManager]:  [classpath + loader.0] file:/home/matan/flexjson-2.1/flexjson-2.1.jar
2015-10-20 14:51:48.971+0000 INFO  [o.n.k.i.DiagnosticsManager]:  [classpath + loader.0] file:/usr/lib/jvm/java-8-oracle/jre/lib/management-agent.jar
2015-10-20 14:51:48.971+0000 INFO  [o.n.k.i.DiagnosticsManager]:  [classpath + loader.0] file:/home/matan/openrdf-sesame-4.0.0/lib/lucene-misc-5.1.0.jar
2015-10-20 14:51:48.971+0000 INFO  [o.n.k.i.DiagnosticsManager]:  [bootstrap + classpath + loader.0] file:/usr/lib/jvm/java-8-oracle/jre/lib/jce.jar
2015-10-20 14:51:48.972+0000 INFO  [o.n.k.i.DiagnosticsManager]:  [classpath + loader.0] file:/home/matan/openrdf-sesame-4.0.0/lib/lucene-sandbox-5.1.0.jar
2015-10-20 14:51:49.014+0000 INFO  [o.n.k.i.DiagnosticsManager]:  [classpath + loader.0] file:/usr/lib/jvm/java-8-oracle/jre/lib/plugin.jar
2015-10-20 14:51:49.014+0000 INFO  [o.n.k.i.DiagnosticsManager]:  [classpath + loader.0] file:/home/matan/openrdf-sesame-4.0.0/lib/sesame-rio-binary-4.0.0.jar
2015-10-20 14:51:49.014+0000 INFO  [o.n.k.i.DiagnosticsManager]:  [classpath + loader.0] file:/home/matan/openrdf-sesame-4.0.0/lib/spring-webmvc-4.1.4.RELEASE.jar
2015-10-20 14:51:49.015+0000 INFO  [o.n.k.i.DiagnosticsManager]:  [classpath + loader.0] file:/home/matan/openrdf-sesame-4.0.0/lib/fluent-hc-4.4.jar
2015-10-20 14:51:49.015+0000 INFO  [o.n.k.i.DiagnosticsManager]:  [classpath + loader.0] file:/home/matan/openrdf-sesame-4.0.0/lib/asm-4.2.jar
2015-10-20 14:51:49.015+0000 INFO  [o.n.k.i.DiagnosticsManager]:  [classpath + loader.0] file:/home/matan/openrdf-sesame-4.0.0/lib/lucene-queries-5.1.0.jar
2015-10-20 14:51:49.015+0000 INFO  [o.n.k.i.DiagnosticsManager]:  [classpath + loader.0] file:/home/matan/openrdf-sesame-4.0.0/lib/sesame-runtime-4.0.0.jar
2015-10-20 14:51:49.015+0000 INFO  [o.n.k.i.DiagnosticsManager]:  [classpath + loader.0] file:/home/matan/openrdf-sesame-4.0.0/lib/sesame-rio-languages-4.0.0.jar
2015-10-20 14:51:49.015+0000 INFO  [o.n.k.i.DiagnosticsManager]:  [classpath + loader.0] file:/home/matan/openrdf-sesame-4.0.0/lib/sesame-http-server-spring-4.0.0.jar
2015-10-20 14:51:49.015+0000 INFO  [o.n.k.i.DiagnosticsManager]:  [classpath + loader.0] file:/home/matan/openrdf-sesame-4.0.0/lib/sesame-repository-contextaware-4.0.0.jar
2015-10-20 14:51:49.015+0000 INFO  [o.n.k.i.DiagnosticsManager]:  [classpath + loader.0] file:/home/matan/openrdf-sesame-4.0.0/lib/standard-1.1.2.jar
2015-10-20 14:51:49.015+0000 INFO  [o.n.k.i.DiagnosticsManager]:  [classpath + loader.0] file:/home/matan/openrdf-sesame-4.0.0/lib/jackson-databind-2.6.2.jar
2015-10-20 14:51:49.038+0000 INFO  [o.n.k.i.DiagnosticsManager]:  [bootstrap + classpath + loader.0] file:/usr/lib/jvm/java-8-oracle/jre/lib/resources.jar
2015-10-20 14:51:49.038+0000 INFO  [o.n.k.i.DiagnosticsManager]:  [classpath + loader.0] file:/home/matan/openrdf-sesame-4.0.0/lib/httpcore-nio-4.4.jar
2015-10-20 14:51:49.038+0000 INFO  [o.n.k.i.DiagnosticsManager]:  [classpath + loader.0] file:/home/matan/neo4j-community-2.2.6/lib/neo4j-consistency-check-2.2.6.jar
2015-10-20 14:51:49.038+0000 INFO  [o.n.k.i.DiagnosticsManager]:  [classpath + loader.0] file:/usr/lib/jvm/java-8-oracle/jre/lib/jfxswt.jar
2015-10-20 14:51:49.038+0000 INFO  [o.n.k.i.DiagnosticsManager]:  [classpath + loader.0] file:/home/matan/openrdf-sesame-4.0.0/lib/jstl-1.1.2.jar
2015-10-20 14:51:49.038+0000 INFO  [o.n.k.i.DiagnosticsManager]:  [classpath + loader.0] file:/home/matan/openrdf-sesame-4.0.0/lib/sesame-queryrender-4.0.0.jar
2015-10-20 14:51:49.046+0000 INFO  [o.n.k.i.DiagnosticsManager]:  [classpath + loader.0] file:/home/matan/neo4j-community-2.2.6/lib/neo4j-csv-2.2.6.jar
2015-10-20 14:51:49.047+0000 INFO  [o.n.k.i.DiagnosticsManager]:  [classpath + loader.0] file:/home/matan/openrdf-sesame-4.0.0/lib/sesame-rio-jsonld-4.0.0.jar
2015-10-20 14:51:49.047+0000 INFO  [o.n.k.i.DiagnosticsManager]:  [classpath + loader.0] file:/home/matan/.m2/repository/org/postgresql/postgresql/9.2-1003-jdbc4/postgresql-9.2-1003-jdbc4.jar
2015-10-20 14:51:49.047+0000 INFO  [o.n.k.i.DiagnosticsManager]:  [classpath + loader.0] file:/home/matan/openrdf-sesame-4.0.0/lib/spring-expression-4.1.4.RELEASE.jar
2015-10-20 14:51:49.048+0000 INFO  [o.n.k.i.DiagnosticsManager]:  [classpath + loader.0] file:/home/matan/neo4j-community-2.2.6/lib/neo4j-shell-2.2.6.jar
2015-10-20 14:51:49.069+0000 INFO  [o.n.k.i.DiagnosticsManager]:  [classpath + loader.0] file:/home/matan/neo4j-community-2.2.6/lib/parboiled-scala_2.10-1.1.7.jar
2015-10-20 14:51:49.070+0000 INFO  [o.n.k.i.DiagnosticsManager]:  [classpath + loader.0] file:/home/matan/openrdf-sesame-4.0.0/lib/sesame-queryalgebra-model-4.0.0.jar
2015-10-20 14:51:49.079+0000 INFO  [o.n.k.i.DiagnosticsManager]:  [classpath + loader.0] file:/home/matan/openrdf-sesame-4.0.0/lib/spring-aop-4.1.4.RELEASE.jar
2015-10-20 14:51:49.087+0000 INFO  [o.n.k.i.DiagnosticsManager]:  [classpath + loader.0] file:/home/matan/openrdf-sesame-4.0.0/lib/commons-io-2.4.jar
2015-10-20 14:51:49.087+0000 INFO  [o.n.k.i.DiagnosticsManager]:  [classpath + loader.0] file:/home/matan/intellij/idea-IU-141.2735.5/lib/idea_rt.jar
2015-10-20 14:51:49.087+0000 INFO  [o.n.k.i.DiagnosticsManager]:  [bootstrap] /usr/lib/jvm/java-8-oracle/jre/classes
2015-10-20 14:51:49.087+0000 INFO  [o.n.k.i.DiagnosticsManager]:  [classpath + loader.0] file:/home/matan/neo4j-community-2.2.6/lib/neo4j-kernel-2.2.6.jar
2015-10-20 14:51:49.087+0000 INFO  [o.n.k.i.DiagnosticsManager]:  [classpath + loader.0] file:/home/matan/openrdf-sesame-4.0.0/lib/sesame-util-4.0.0.jar
2015-10-20 14:51:49.087+0000 INFO  [o.n.k.i.DiagnosticsManager]:  [classpath + loader.0] file:/home/matan/openrdf-sesame-4.0.0/lib/httpcore-4.4.jar
2015-10-20 14:51:49.087+0000 INFO  [o.n.k.i.DiagnosticsManager]:  [classpath + loader.0] file:/home/matan/openrdf-sesame-4.0.0/lib/logback-classic-1.1.2.jar
2015-10-20 14:51:49.088+0000 INFO  [o.n.k.i.DiagnosticsManager]:  [classpath + loader.0] file:/home/matan/openrdf-sesame-4.0.0/lib/sesame-rio-n3-4.0.0.jar
2015-10-20 14:51:49.100+0000 INFO  [o.n.k.i.DiagnosticsManager]:  [bootstrap + classpath + loader.0] file:/usr/lib/jvm/java-8-oracle/jre/lib/charsets.jar
2015-10-20 14:51:49.101+0000 INFO  [o.n.k.i.DiagnosticsManager]:  [classpath + loader.0] file:/home/matan/openrdf-sesame-4.0.0/lib/sesame-rio-rdfxml-4.0.0.jar
2015-10-20 14:51:49.104+0000 INFO  [o.n.k.i.DiagnosticsManager]:  [classpath + loader.0] file:/home/matan/openrdf-sesame-4.0.0/lib/sesame-rio-turtle-4.0.0.jar
2015-10-20 14:51:49.104+0000 INFO  [o.n.k.i.DiagnosticsManager]:  [loader.1] file:/usr/lib/jvm/java-8-oracle/jre/lib/ext/nashorn.jar
2015-10-20 14:51:49.104+0000 INFO  [o.n.k.i.DiagnosticsManager]:  [classpath + loader.0] file:/home/matan/neo4j-community-2.2.6/lib/neo4j-io-2.2.6.jar
2015-10-20 14:51:49.104+0000 INFO  [o.n.k.i.DiagnosticsManager]:  [classpath + loader.0] file:/home/matan/neo4j-community-2.2.6/lib/neo4j-graph-matching-2.2.6.jar
2015-10-20 14:51:49.104+0000 INFO  [o.n.k.i.DiagnosticsManager]:  [classpath + loader.0] file:/usr/lib/jvm/java-8-oracle/jre/lib/javaws.jar
2015-10-20 14:51:49.119+0000 INFO  [o.n.k.i.DiagnosticsManager]:  [classpath + loader.0] file:/home/matan/neo4j-community-2.2.6/lib/neo4j-cypher-compiler-2.2-2.2.6.jar
2015-10-20 14:51:49.125+0000 INFO  [o.n.k.i.DiagnosticsManager]:  [bootstrap] /usr/lib/jvm/java-8-oracle/jre/lib/sunrsasign.jar
2015-10-20 14:51:49.125+0000 INFO  [o.n.k.i.DiagnosticsManager]:  [classpath + loader.0] file:/home/matan/neo4j-community-2.2.6/lib/neo4j-udc-2.2.6.jar
2015-10-20 14:51:49.125+0000 INFO  [o.n.k.i.DiagnosticsManager]:  [classpath + loader.0] file:/home/matan/openrdf-sesame-4.0.0/lib/commons-codec-1.10.jar
2015-10-20 14:51:49.125+0000 INFO  [o.n.k.i.DiagnosticsManager]:  [classpath + loader.0] file:/home/matan/neo4j-community-2.2.6/lib/neo4j-jmx-2.2.6.jar
2015-10-20 14:51:49.135+0000 INFO  [o.n.k.i.DiagnosticsManager]:  [bootstrap + classpath + loader.0] file:/usr/lib/jvm/java-8-oracle/jre/lib/jfr.jar
2015-10-20 14:51:49.136+0000 INFO  [o.n.k.i.DiagnosticsManager]:  [classpath + loader.0] file:/home/matan/openrdf-sesame-4.0.0/lib/sesame-repository-sparql-4.0.0.jar
2015-10-20 14:51:49.136+0000 INFO  [o.n.k.i.DiagnosticsManager]:  [classpath + loader.0] file:/home/matan/openrdf-sesame-4.0.0/lib/sesame-query-4.0.0.jar
2015-10-20 14:51:49.136+0000 INFO  [o.n.k.i.DiagnosticsManager]:  [loader.1] file:/usr/lib/jvm/java-8-oracle/jre/lib/ext/localedata.jar
2015-10-20 14:51:49.136+0000 INFO  [o.n.k.i.DiagnosticsManager]:  [classpath + loader.0] file:/home/matan/openrdf-sesame-4.0.0/lib/slf4j-api-1.7.10.jar
2015-10-20 14:51:49.137+0000 INFO  [o.n.k.i.DiagnosticsManager]:  [classpath + loader.0] file:/home/matan/neo4j-community-2.2.6/lib/neo4j-primitive-collections-2.2.6.jar
2015-10-20 14:51:49.137+0000 INFO  [o.n.k.i.DiagnosticsManager]:  [classpath + loader.0] file:/home/matan/openrdf-sesame-4.0.0/lib/lucene-queryparser-5.1.0.jar
2015-10-20 14:51:49.137+0000 INFO  [o.n.k.i.DiagnosticsManager]:  [classpath + loader.0] file:/home/matan/openrdf-sesame-4.0.0/lib/sesame-queryalgebra-evaluation-4.0.0.jar
2015-10-20 14:51:49.144+0000 INFO  [o.n.k.i.DiagnosticsManager]:  [classpath + loader.0] file:/home/matan/openrdf-sesame-4.0.0/lib/sesame-rio-trig-4.0.0.jar
2015-10-20 14:51:49.144+0000 INFO  [o.n.k.i.DiagnosticsManager]:  [classpath + loader.0] file:/home/matan/openrdf-sesame-4.0.0/lib/sesame-rio-trix-4.0.0.jar
2015-10-20 14:51:49.145+0000 INFO  [o.n.k.i.DiagnosticsManager]:  [classpath + loader.0] file:/home/matan/openrdf-sesame-4.0.0/lib/httpclient-osgi-4.4.jar
2015-10-20 14:51:49.145+0000 INFO  [o.n.k.i.DiagnosticsManager]:  [classpath + loader.0] file:/home/matan/openrdf-sesame-4.0.0/lib/lucene-highlighter-5.1.0.jar
2015-10-20 14:51:49.145+0000 INFO  [o.n.k.i.DiagnosticsManager]: Library path:
2015-10-20 14:51:49.146+0000 INFO  [o.n.k.i.DiagnosticsManager]: /home/matan/OASSIS
2015-10-20 14:51:49.146+0000 INFO  [o.n.k.i.DiagnosticsManager]: /home/matan/OASSIS
2015-10-20 14:51:49.178+0000 INFO  [o.n.k.i.DiagnosticsManager]: /usr/java/packages/lib/amd64
2015-10-20 14:51:49.179+0000 INFO  [o.n.k.i.DiagnosticsManager]: /usr/lib64
2015-10-20 14:51:49.179+0000 INFO  [o.n.k.i.DiagnosticsManager]: /lib64
2015-10-20 14:51:49.179+0000 INFO  [o.n.k.i.DiagnosticsManager]: /lib
2015-10-20 14:51:49.180+0000 INFO  [o.n.k.i.DiagnosticsManager]: /usr/lib
2015-10-20 14:51:49.203+0000 INFO  [o.n.k.i.DiagnosticsManager]: System.properties:
2015-10-20 14:51:49.210+0000 INFO  [o.n.k.i.DiagnosticsManager]: sun.boot.library.path = /usr/lib/jvm/java-8-oracle/jre/lib/amd64
2015-10-20 14:51:49.226+0000 INFO  [o.n.k.i.DiagnosticsManager]: path.separator = :
2015-10-20 14:51:49.226+0000 INFO  [o.n.k.i.DiagnosticsManager]: idea.launcher.port = 7534
2015-10-20 14:51:49.226+0000 INFO  [o.n.k.i.DiagnosticsManager]: file.encoding.pkg = sun.io
2015-10-20 14:51:49.227+0000 INFO  [o.n.k.i.DiagnosticsManager]: user.country = US
2015-10-20 14:51:49.243+0000 INFO  [o.n.k.i.DiagnosticsManager]: sun.java.launcher = SUN_STANDARD
2015-10-20 14:51:49.244+0000 INFO  [o.n.k.i.DiagnosticsManager]: sun.os.patch.level = unknown
2015-10-20 14:51:49.245+0000 INFO  [o.n.k.i.DiagnosticsManager]: user.dir = /home/matan/OASSIS
2015-10-20 14:51:49.256+0000 INFO  [o.n.k.i.DiagnosticsManager]: sun.jnu.encoding = UTF-8
2015-10-20 14:51:49.256+0000 INFO  [o.n.k.i.DiagnosticsManager]: sun.management.compiler = HotSpot 64-Bit Tiered Compilers
2015-10-20 14:51:49.270+0000 INFO  [o.n.k.i.DiagnosticsManager]: user.home = /home/matan
2015-10-20 14:51:49.277+0000 INFO  [o.n.k.i.DiagnosticsManager]: user.timezone = America/Los_Angeles
2015-10-20 14:51:49.277+0000 INFO  [o.n.k.i.DiagnosticsManager]: file.encoding = UTF-8
2015-10-20 14:51:49.282+0000 INFO  [o.n.k.i.DiagnosticsManager]: idea.launcher.bin.path = /home/matan/intellij/idea-IU-141.2735.5/bin
2015-10-20 14:51:49.283+0000 INFO  [o.n.k.i.DiagnosticsManager]: user.name = matan
2015-10-20 14:51:49.293+0000 INFO  [o.n.k.i.DiagnosticsManager]: sun.java.command = com.intellij.rt.execution.application.AppMain BackEnd.main
2015-10-20 14:51:49.305+0000 INFO  [o.n.k.i.DiagnosticsManager]: sun.arch.data.model = 64
2015-10-20 14:51:49.305+0000 INFO  [o.n.k.i.DiagnosticsManager]: user.language = en
2015-10-20 14:51:49.311+0000 INFO  [o.n.k.i.DiagnosticsManager]: awt.toolkit = sun.awt.X11.XToolkit
2015-10-20 14:51:49.311+0000 INFO  [o.n.k.i.DiagnosticsManager]: file.separator = /
2015-10-20 14:51:49.311+0000 INFO  [o.n.k.i.DiagnosticsManager]: sun.io.unicode.encoding = UnicodeLittle
2015-10-20 14:51:49.313+0000 INFO  [o.n.k.i.DiagnosticsManager]: sun.cpu.endian = little
2015-10-20 14:51:49.313+0000 INFO  [o.n.k.i.DiagnosticsManager]: sun.desktop = gnome
2015-10-20 14:51:49.313+0000 INFO  [o.n.k.i.DiagnosticsManager]: sun.cpu.isalist = 
2015-10-20 14:51:49.314+0000 INFO  [o.n.k.i.DiagnosticsManager]: Linux scheduler information:
2015-10-20 14:51:49.365+0000 INFO  [o.n.k.i.DiagnosticsManager]: noop [deadline] cfq 
2015-10-20 14:51:49.384+0000 INFO  [o.n.k.i.DiagnosticsManager]: noop [deadline] cfq 
2015-10-20 14:51:49.401+0000 INFO  [o.n.k.i.DiagnosticsManager]: noop [deadline] cfq 
2015-10-20 14:51:49.402+0000 INFO  [o.n.k.i.DiagnosticsManager]: noop [deadline] cfq 
2015-10-20 14:51:49.413+0000 INFO  [o.n.k.i.DiagnosticsManager]: none
2015-10-20 14:51:49.429+0000 INFO  [o.n.k.i.DiagnosticsManager]: none
2015-10-20 14:51:49.435+0000 INFO  [o.n.k.i.DiagnosticsManager]: none
2015-10-20 14:51:49.472+0000 INFO  [o.n.k.i.DiagnosticsManager]: none
2015-10-20 14:51:49.474+0000 INFO  [o.n.k.i.DiagnosticsManager]: none
2015-10-20 14:51:49.474+0000 INFO  [o.n.k.i.DiagnosticsManager]: none
2015-10-20 14:51:49.711+0000 INFO  [o.n.k.i.DiagnosticsManager]: none
2015-10-20 14:51:49.714+0000 INFO  [o.n.k.i.DiagnosticsManager]: none
2015-10-20 14:51:49.715+0000 INFO  [o.n.k.i.DiagnosticsManager]: none
2015-10-20 14:51:49.721+0000 INFO  [o.n.k.i.DiagnosticsManager]: none
2015-10-20 14:51:49.722+0000 INFO  [o.n.k.i.DiagnosticsManager]: none
2015-10-20 14:51:49.723+0000 INFO  [o.n.k.i.DiagnosticsManager]: none
2015-10-20 14:51:49.724+0000 INFO  [o.n.k.i.DiagnosticsManager]: none
2015-10-20 14:51:49.738+0000 INFO  [o.n.k.i.DiagnosticsManager]: none
2015-10-20 14:51:49.748+0000 INFO  [o.n.k.i.DiagnosticsManager]: none
2015-10-20 14:51:49.759+0000 INFO  [o.n.k.i.DiagnosticsManager]: none
2015-10-20 14:51:49.771+0000 INFO  [o.n.k.i.DiagnosticsManager]: none
2015-10-20 14:51:49.782+0000 INFO  [o.n.k.i.DiagnosticsManager]: none
2015-10-20 14:51:49.782+0000 INFO  [o.n.k.i.DiagnosticsManager]: none
2015-10-20 14:51:49.783+0000 INFO  [o.n.k.i.DiagnosticsManager]: none
2015-10-20 14:51:49.783+0000 INFO  [o.n.k.i.DiagnosticsManager]: none
2015-10-20 14:51:49.784+0000 INFO  [o.n.k.i.DiagnosticsManager]: none
2015-10-20 14:51:49.805+0000 INFO  [o.n.k.i.DiagnosticsManager]: none
2015-10-20 14:51:49.813+0000 INFO  [o.n.k.i.DiagnosticsManager]: none
2015-10-20 14:51:49.820+0000 INFO  [o.n.k.i.DiagnosticsManager]: Network information:
2015-10-20 14:51:49.859+0000 INFO  [o.n.k.i.DiagnosticsManager]: Interface eth0:
2015-10-20 14:51:49.882+0000 INFO  [o.n.k.i.DiagnosticsManager]:     address: fe80:0:0:0:20c:29ff:fee5:5665%eth0
2015-10-20 14:51:49.883+0000 INFO  [o.n.k.i.DiagnosticsManager]:     address: 192.168.44.128
2015-10-20 14:51:49.887+0000 INFO  [o.n.k.i.DiagnosticsManager]: Interface lo:
2015-10-20 14:51:49.892+0000 INFO  [o.n.k.i.DiagnosticsManager]:     address: 0:0:0:0:0:0:0:1%lo
2015-10-20 14:51:49.902+0000 INFO  [o.n.k.i.DiagnosticsManager]:     address: 127.0.0.1
2015-10-20 14:51:49.903+0000 INFO  [o.n.k.i.DiagnosticsManager]: --- INITIALIZED diagnostics END ---
2015-10-20 14:51:56.215+0000 INFO  [o.n.k.i.s.StoreFactory]: Creating new db @ http:/localhost:4747/neostore
2015-10-20 14:52:01.532+0000 ERROR [o.n.k.NeoStoreDataSource]: Exception occurred while starting the datasource. Attempting to close things down.
org.neo4j.kernel.lifecycle.LifecycleException: Component 'org.neo4j.kernel.lifecycle.Lifecycle$Delegate@182b6772' failed to initialize. Please see attached cause exception.
	at org.neo4j.kernel.lifecycle.LifeSupport$LifecycleInstance.init(LifeSupport.java:509) [neo4j-kernel-2.2.6.jar:2.2.6]
	at org.neo4j.kernel.lifecycle.LifeSupport.init(LifeSupport.java:73) [neo4j-kernel-2.2.6.jar:2.2.6]
	at org.neo4j.kernel.lifecycle.LifeSupport.start(LifeSupport.java:107) [neo4j-kernel-2.2.6.jar:2.2.6]
	at org.neo4j.kernel.NeoStoreDataSource.start(NeoStoreDataSource.java:579) ~[neo4j-kernel-2.2.6.jar:2.2.6]
	at org.neo4j.kernel.lifecycle.LifeSupport$LifecycleInstance.start(LifeSupport.java:527) [neo4j-kernel-2.2.6.jar:2.2.6]
	at org.neo4j.kernel.lifecycle.LifeSupport.start(LifeSupport.java:116) [neo4j-kernel-2.2.6.jar:2.2.6]
	at org.neo4j.kernel.impl.transaction.state.DataSourceManager.start(DataSourceManager.java:117) [neo4j-kernel-2.2.6.jar:2.2.6]
	at org.neo4j.kernel.lifecycle.LifeSupport$LifecycleInstance.start(LifeSupport.java:527) [neo4j-kernel-2.2.6.jar:2.2.6]
	at org.neo4j.kernel.lifecycle.LifeSupport.start(LifeSupport.java:116) [neo4j-kernel-2.2.6.jar:2.2.6]
	at org.neo4j.kernel.InternalAbstractGraphDatabase.run(InternalAbstractGraphDatabase.java:331) [neo4j-kernel-2.2.6.jar:2.2.6]
	at org.neo4j.kernel.EmbeddedGraphDatabase.<init>(EmbeddedGraphDatabase.java:59) [neo4j-kernel-2.2.6.jar:2.2.6]
	at org.neo4j.graphdb.factory.GraphDatabaseFactory.newDatabase(GraphDatabaseFactory.java:108) [neo4j-kernel-2.2.6.jar:2.2.6]
	at org.neo4j.graphdb.factory.GraphDatabaseFactory$1.newDatabase(GraphDatabaseFactory.java:95) [neo4j-kernel-2.2.6.jar:2.2.6]
	at org.neo4j.graphdb.factory.GraphDatabaseBuilder.newGraphDatabase(GraphDatabaseBuilder.java:185) [neo4j-kernel-2.2.6.jar:2.2.6]
	at org.neo4j.graphdb.factory.GraphDatabaseFactory.newEmbeddedDatabase(GraphDatabaseFactory.java:67) [neo4j-kernel-2.2.6.jar:2.2.6]
	at BackEnd.NaiveAlgorithm.setGraphDB(NaiveAlgorithm.java:264) [classes/:na]
	at BackEnd.Wrapper.init(Wrapper.java:48) [classes/:na]
	at BackEnd.main.main(main.java:8) [classes/:na]
	at sun.reflect.NativeMethodAccessorImpl.invoke0(Native Method) ~[na:1.8.0_60]
	at sun.reflect.NativeMethodAccessorImpl.invoke(NativeMethodAccessorImpl.java:62) ~[na:1.8.0_60]
	at sun.reflect.DelegatingMethodAccessorImpl.invoke(DelegatingMethodAccessorImpl.java:43) ~[na:1.8.0_60]
	at java.lang.reflect.Method.invoke(Method.java:497) ~[na:1.8.0_60]
	at com.intellij.rt.execution.application.AppMain.main(AppMain.java:140) [idea_rt.jar:na]
Caused by: java.lang.VerifyError: class org.neo4j.index.impl.lucene.LuceneDataSource$1 overrides final method tokenStream.(Ljava/lang/String;Ljava/io/Reader;)Lorg/apache/lucene/analysis/TokenStream;
	at java.lang.ClassLoader.defineClass1(Native Method) ~[na:1.8.0_60]
	at java.lang.ClassLoader.defineClass(ClassLoader.java:760) ~[na:1.8.0_60]
	at java.security.SecureClassLoader.defineClass(SecureClassLoader.java:142) ~[na:1.8.0_60]
	at java.net.URLClassLoader.defineClass(URLClassLoader.java:467) ~[na:1.8.0_60]
	at java.net.URLClassLoader.access$100(URLClassLoader.java:73) ~[na:1.8.0_60]
	at java.net.URLClassLoader$1.run(URLClassLoader.java:368) ~[na:1.8.0_60]
	at java.net.URLClassLoader$1.run(URLClassLoader.java:362) ~[na:1.8.0_60]
	at java.security.AccessController.doPrivileged(Native Method) ~[na:1.8.0_60]
	at java.net.URLClassLoader.findClass(URLClassLoader.java:361) ~[na:1.8.0_60]
	at java.lang.ClassLoader.loadClass(ClassLoader.java:424) ~[na:1.8.0_60]
	at sun.misc.Launcher$AppClassLoader.loadClass(Launcher.java:331) ~[na:1.8.0_60]
	at java.lang.ClassLoader.loadClass(ClassLoader.java:357) ~[na:1.8.0_60]
	at org.neo4j.index.impl.lucene.LuceneIndexImplementation.init(LuceneIndexImplementation.java:73) ~[neo4j-lucene-index-2.2.6.jar:2.2.6]
	at org.neo4j.kernel.lifecycle.Lifecycles$1.init(Lifecycles.java:37) ~[neo4j-kernel-2.2.6.jar:2.2.6]
	at org.neo4j.kernel.lifecycle.Lifecycle$Delegate.init(Lifecycle.java:63) ~[neo4j-kernel-2.2.6.jar:2.2.6]
	at org.neo4j.kernel.lifecycle.LifeSupport$LifecycleInstance.init(LifeSupport.java:503) [neo4j-kernel-2.2.6.jar:2.2.6]
	... 22 common frames omitted
2015-10-20 14:52:01.922+0000 INFO  [o.n.k.i.DiagnosticsManager]: --- STOPPING diagnostics START ---
2015-10-20 14:52:01.923+0000 INFO  [o.n.k.i.DiagnosticsManager]: --- STOPPING diagnostics END ---
2015-10-20 14:52:01.923+0000 INFO  [o.n.k.EmbeddedGraphDatabase]: Shutdown started
